<?xml version="1.0" encoding="UTF-8"?>
<!-- Generated by org.testng.reporters.JUnitReportReporter -->
<testsuite hostname="LAPTOP-61KPBHOV" name="com.amazonandflipkart.driverscript.DriverScript" tests="1" failures="0" timestamp="31 Jan 2020 09:23:32 GMT" time="122.245" errors="0">
  <testcase name="executeTestScenarios" time="122.245" classname="com.amazonandflipkart.driverscript.DriverScript"/>
</testsuite> <!-- com.amazonandflipkart.driverscript.DriverScript -->
